3
1
1
1
0
1
1
1
1
0
0
0
1


7
1
31
5
3
3
0


0


15


3
4


3
3
4
3
4
3
3
14
3
0


1
2
12
4
22
13
5
5
2
3
5
4
6
7
7
3
115
0


1
4
3
2
4
3


0
6


1
6
3


76
0
4
1
2
134
0
29
0
1
6
0


1
22
0
17
38
8
35
4
7
10
0
7
1
94
700
40
11
47


52
4
0
0
4
2
9
0
25
10
60


23
15
17
49
49
4
2


6
7
33
20


1
6
2095
14


185
1
4
13
12
3
514
1
11
14
3


4
5
6
229
4
1
4
3


6


1
41
95
5
2


1
132
2
3


1
116
3
2
27
0
72


1
147
2
3
26
1
52


1
3
115
1
5
13
4
24
3


1
25
83
3
2
1
5
7
221
1
62


3
2
4
2
5
0
64
1
4
12
4
0
3
3
4
3
2


2
2
1
1
1
0
2
1
1
0
1
1
1
1
1
1
1
0
0
2
2
1
1
1
1
1
2
1
1
1
1
1
1
1
1
1
0
1
1
1
1
1
2


0
16
41
12
13
36
11


1
2
1
4
1
35
3
3
3


251
1
3
15
72
14
2
20
0
0


252
0
25
14
19
0


3
1
13
63
14
1
25
0
1


0
5
3
4
3
4
3
6
4


1
4
3
1
0
1


1
3
3
2
5
4
4
6
28
6
4
1
5
4


11
4
3
4
4
4
4
2
6
1
1
1


6
0
5
2
34
5
8
3
5
1


2
1
3
4
14
3
0
1
2
0


9
0
5
3
692
1
2


1
206
264
245
229


0
36
73
61
5
3
6
2
3
28


21


2
6
140
2
3
43
62
22
72
13
111
26


1
10
37
27
6
2
4
3
1
2


5


1
5
125
2
3
42
62
13
72
13
106
27


1
13
0
38
100
1
3
2
42
49
0


1
7
1
9
28
92
1
0


1
6
28
88
0
33
54
9
2
1


1
12
143
1
69
64
15
14
114


1
6
3
2
8
106
6
1
2
4
5
2
3
62


1
6
0
9
23
104
3
12
107


0
27
29
6
108
11
4
26
7
108


0
3
80
59
51
22
35
99
79
2


1
0
0
2
2
0
22
5


1
8
7
6
25
0
5
6
13
3
3
3
5
5
2
3
3
4
3
295
3
3
6
7
49
4
4
3
2
2
1
0


1
9
7
5
19
1
4
6
13
3
3
5
5
1
3
3
3
4
4
286
4
2
67
4
5
3
2
2
0


1
9
21
7
27
0
10
4
18
2
0
0


0
6
6
7
8
230
160
186
178
169
1
168
183
179
208
4
2


2
4
7
184
2
1
0


0
1
4


1
5
3
5
2
5
2
4
3
1
3
3
5
2
4
2
1
2
2
5
3
2


1
3
3
35
5
2
3
50


1
33
23
15
21
6
14
10
2
4
3
4


1
5
58
8
4
4
8
11
22
31
631
1
58
4
5
15
5
41


75


2
4
13
2
7
1
4
0
3
13
3


1
7
115
4
3
3
55
2
126
37
4
2
82


1
6
147
2
3
41
3
162
2
3
62


1
103
94
0


2
20
42
4
0
30
47
0
24
95
2
3
6
44
54
6
25
27
3
3
5
7
247
12
3
11
1
2
2
23
93


1


4
9
15
14
17
4
3


1
5
4


0
5
3
13


1
5
3
4
2
6
6
13
9
4
18
0


1
4
3
3
2
5
2
5
2


0
0
1
0


2
1
1
0
2
4
6
14
17
15
7
16
13
3
2
2
1
51
37
10


1
1
3
5
5
61
6
8
6
6
15
14
7
0


0
1
1
1
0
2
11
3
1
2
0
6


0
0
1
0
0


0
1
0
0
0
0
1


2
3
7
7
2
2
1
6


0
6
2
1


2
11
4


0
3
4
2
4
2
4
1
1
2
1
1
4
2
3
0


1
2
4
4
2
5
2


0
0
0


0
1
0


2
2
1
4
4
5
4
4


1
4
3
3
2
3
3
3


0
0
0
1
0
0
1


0
0
1
0
0
0
0


1
2
9
9
9
8
3
8


1
3
2
3
1
0
8
8
0
119
178
3
1
0


1
7
7
6


1
2
3
3


0
4
65
1
2
34
33
9
2


1
12
4


0
22
0
1
0
0
1
10
40
1


1
1
3
3
3
52
53
53
22
23
22
0


1
0
3
2
35
76


1
2
0
1
13


1
35
5
5
4
3
4
76
2
6
2
5
83
12
7
215
5
60
56
12
24
4
9
59
294
74
60
42
4
54
37
32
2
9
5
44
3
43
0


1
27
5
26
5
27
5
43
6


0
2
2
2
3
2
4
2
8
12
33
3
3
2
2


1
3
3
6
4
5
5
3
1
1
1
5
18
7
6
32
4
3
3
10
0
2
1
5
2
3
0
0


1
6
3
3
180
63
3
1
5
2
5
2
37
0


4
15
0
27
28
11
26
31


0
1
3
4
41
1
3
24
0


1
13
70
17


0
0
2
3
76
2
2
12
9
57
15
3


1
1
3
3
41
1
3
24
1


3
13
1
55
3
176
2


0
25
26
27
1


1
6
17
84
1
3
1
33
73
2
0


1
3
4
33
5


1
3
2
4
25
43
6
52


24
21
1
18
3
162
174
159
181
2
17
13
1
6


1
7
1
48
2
184
184
8


0
8
1
13
3
9
18
43
60
13
8
43
12
6
7
8
17
3
44
2
0


1
1
7
40
24
51
22
20
24
30
12
8


3
10
1
28
26
10


1
18
43
5
23
14
2
18
1
2


1
9
41
18


1
1
4
29
3


1
4
5
2
8
4
2


1
3
3
4
4
6
3
4
3
3
2


0
0
1


3
7
1
52
22
16
3


1
32
1
5
31
1
2
35
0


2
0
4
3
3
112
2
2
43
1


1
0
2
4
62
2
2
8
7
37
15
2


1
3
1
2
27


2
16
7
1
7
2
3
7
47
1
1
0


1
5
2
2


1
117
2
2
1
3
7
3


1
1
13
4
1
3
4
27
46
11
9
13
11
10
4
26
2
4
5
27
6
13
6
6
7
20
12
7
3
6
5
7
27
27
12
9
15
542
2
3
5


3
2
4
6
34
2
122
263
1
43


61
0
2
0
1


165
